This file contains any messages produced by compilers while
running configure, to aid debugging if configure makes a mistake.

It was created by casocklib configure 0.01, which was
generated by GNU Autoconf 2.69.  Invocation command line was

  $ ./configure 

## --------- ##
## Platform. ##
## --------- ##

hostname = jack.local
uname -m = x86_64
uname -r = 12.2.0
uname -s = Darwin
uname -v = Darwin Kernel Version 12.2.0: Sat Aug 25 00:48:52 PDT 2012; root:xnu-2050.18.24~1/RELEASE_X86_64

/usr/bin/uname -p = i386
/bin/uname -X     = unknown

/bin/arch              = unknown
/usr/bin/arch -k       = unknown
/usr/convex/getsysinfo = unknown
/usr/bin/hostinfo      = Mach kernel version:
	 Darwin Kernel Version 12.2.0: Sat Aug 25 00:48:52 PDT 2012; root:xnu-2050.18.24~1/RELEASE_X86_64
Kernel configured for up to 2 processors.
2 processors are physically available.
2 processors are logically available.
Processor type: i486 (Intel 80486)
Processors active: 0 1
Primary memory available: 2.00 gigabytes
Default processor set: 131 tasks, 638 threads, 2 processors
Load average: 2.64, Mach factor: 0.60
/bin/machine           = unknown
/usr/bin/oslevel       = unknown
/bin/universe          = unknown

PATH: /opt/local/bin
PATH: /opt/local/sbin
PATH: /Users/xujack/.rvm/gems/ruby-1.9.2-p320/bin
PATH: /Users/xujack/.rvm/gems/ruby-1.9.2-p320@global/bin
PATH: /Users/xujack/.rvm/rubies/ruby-1.9.2-p320/bin
PATH: /Users/xujack/.rvm/bin
PATH: /usr/bin
PATH: /bin
PATH: /usr/sbin
PATH: /sbin
PATH: /usr/local/bin


## ----------- ##
## Core tests. ##
## ----------- ##

configure:2335: checking for a BSD-compatible install
configure:2403: result: /usr/bin/install -c
configure:2414: checking whether build environment is sane
configure:2464: result: yes
configure:2605: checking for a thread-safe mkdir -p
configure:2644: result: ./install-sh -c -d
configure:2657: checking for gawk
configure:2687: result: no
configure:2657: checking for mawk
configure:2687: result: no
configure:2657: checking for nawk
configure:2687: result: no
configure:2657: checking for awk
configure:2673: found /usr/bin/awk
configure:2684: result: awk
configure:2695: checking whether make sets $(MAKE)
configure:2717: result: yes
configure:2857: checking for g++
configure:2873: found /usr/bin/g++
configure:2884: result: g++
configure:2911: checking for C++ compiler version
configure:2920: g++ --version >&5
i686-apple-darwin11-llvm-g++-4.2 (GCC) 4.2.1 (Based on Apple Inc. build 5658) (LLVM build 2336.11.00)
Copyright (C) 2007 Free Software Foundation, Inc.
This is free software; see the source for copying conditions.  There is NO
warranty; not even for MERCHANTABILITY or FITNESS FOR A PARTICULAR PURPOSE.

configure:2931: $? = 0
configure:2920: g++ -v >&5
Using built-in specs.
Target: i686-apple-darwin11
Configured with: /private/var/tmp/llvmgcc42/llvmgcc42-2336.11~28/src/configure --disable-checking --enable-werror --prefix=/Applications/Xcode.app/Contents/Developer/usr/llvm-gcc-4.2 --mandir=/share/man --enable-languages=c,objc,c++,obj-c++ --program-prefix=llvm- --program-transform-name=/^[cg][^.-]*$/s/$/-4.2/ --with-slibdir=/usr/lib --build=i686-apple-darwin11 --enable-llvm=/private/var/tmp/llvmgcc42/llvmgcc42-2336.11~28/dst-llvmCore/Developer/usr/local --program-prefix=i686-apple-darwin11- --host=x86_64-apple-darwin11 --target=i686-apple-darwin11 --with-gxx-include-dir=/usr/include/c++/4.2.1
Thread model: posix
gcc version 4.2.1 (Based on Apple Inc. build 5658) (LLVM build 2336.11.00)
configure:2931: $? = 0
configure:2920: g++ -V >&5
llvm-g++-4.2: argument to `-V' is missing
configure:2931: $? = 1
configure:2920: g++ -qversion >&5
i686-apple-darwin11-llvm-g++-4.2: no input files
configure:2931: $? = 1
configure:2951: checking whether the C++ compiler works
configure:2973: g++    conftest.cpp  >&5
configure:2977: $? = 0
configure:3025: result: yes
configure:3028: checking for C++ compiler default output file name
configure:3030: result: a.out
configure:3036: checking for suffix of executables
configure:3043: g++ -o conftest    conftest.cpp  >&5
configure:3047: $? = 0
configure:3069: result: 
configure:3091: checking whether we are cross compiling
configure:3099: g++ -o conftest    conftest.cpp  >&5
configure:3103: $? = 0
configure:3110: ./conftest
configure:3114: $? = 0
configure:3129: result: no
configure:3134: checking for suffix of object files
configure:3156: g++ -c   conftest.cpp >&5
configure:3160: $? = 0
configure:3181: result: o
configure:3185: checking whether we are using the GNU C++ compiler
configure:3204: g++ -c   conftest.cpp >&5
configure:3204: $? = 0
configure:3213: result: yes
configure:3222: checking whether g++ accepts -g
configure:3242: g++ -c -g  conftest.cpp >&5
configure:3242: $? = 0
configure:3283: result: yes
configure:3317: checking for style of include used by make
configure:3345: result: GNU
configure:3371: checking dependency style of g++
configure:3482: result: gcc3
configure:3545: checking for gcc
configure:3561: found /usr/bin/gcc
configure:3572: result: gcc
configure:3801: checking for C compiler version
configure:3810: gcc --version >&5
i686-apple-darwin11-llvm-gcc-4.2 (GCC) 4.2.1 (Based on Apple Inc. build 5658) (LLVM build 2336.11.00)
Copyright (C) 2007 Free Software Foundation, Inc.
This is free software; see the source for copying conditions.  There is NO
warranty; not even for MERCHANTABILITY or FITNESS FOR A PARTICULAR PURPOSE.

configure:3821: $? = 0
configure:3810: gcc -v >&5
Using built-in specs.
Target: i686-apple-darwin11
Configured with: /private/var/tmp/llvmgcc42/llvmgcc42-2336.11~28/src/configure --disable-checking --enable-werror --prefix=/Applications/Xcode.app/Contents/Developer/usr/llvm-gcc-4.2 --mandir=/share/man --enable-languages=c,objc,c++,obj-c++ --program-prefix=llvm- --program-transform-name=/^[cg][^.-]*$/s/$/-4.2/ --with-slibdir=/usr/lib --build=i686-apple-darwin11 --enable-llvm=/private/var/tmp/llvmgcc42/llvmgcc42-2336.11~28/dst-llvmCore/Developer/usr/local --program-prefix=i686-apple-darwin11- --host=x86_64-apple-darwin11 --target=i686-apple-darwin11 --with-gxx-include-dir=/usr/include/c++/4.2.1
Thread model: posix
gcc version 4.2.1 (Based on Apple Inc. build 5658) (LLVM build 2336.11.00)
configure:3821: $? = 0
configure:3810: gcc -V >&5
llvm-gcc-4.2: argument to `-V' is missing
configure:3821: $? = 1
configure:3810: gcc -qversion >&5
i686-apple-darwin11-llvm-gcc-4.2: no input files
configure:3821: $? = 1
configure:3825: checking whether we are using the GNU C compiler
configure:3844: gcc -c   conftest.c >&5
configure:3844: $? = 0
configure:3853: result: yes
configure:3862: checking whether gcc accepts -g
configure:3882: gcc -c -g  conftest.c >&5
configure:3882: $? = 0
configure:3923: result: yes
configure:3940: checking for gcc option to accept ISO C89
configure:4003: gcc  -c -g -O2  conftest.c >&5
configure:4003: $? = 0
configure:4016: result: none needed
configure:4038: checking dependency style of gcc
configure:4149: result: gcc3
configure:4169: checking how to run the C preprocessor
configure:4200: gcc -E  conftest.c
configure:4200: $? = 0
configure:4214: gcc -E  conftest.c
conftest.c:11:28: error: ac_nonexistent.h: No such file or directory
configure:4214: $? = 1
configure: failed program was:
| /* confdefs.h */
| #define PACKAGE_NAME "casocklib"
| #define PACKAGE_TARNAME "casocklib"
| #define PACKAGE_VERSION "0.01"
| #define PACKAGE_STRING "casocklib 0.01"
| #define PACKAGE_BUGREPORT "leandro.costa@gmail.com"
| #define PACKAGE_URL ""
| #define PACKAGE "casocklib"
| #define VERSION "0.01"
| /* end confdefs.h.  */
| #include <ac_nonexistent.h>
configure:4239: result: gcc -E
configure:4259: gcc -E  conftest.c
configure:4259: $? = 0
configure:4273: gcc -E  conftest.c
conftest.c:11:28: error: ac_nonexistent.h: No such file or directory
configure:4273: $? = 1
configure: failed program was:
| /* confdefs.h */
| #define PACKAGE_NAME "casocklib"
| #define PACKAGE_TARNAME "casocklib"
| #define PACKAGE_VERSION "0.01"
| #define PACKAGE_STRING "casocklib 0.01"
| #define PACKAGE_BUGREPORT "leandro.costa@gmail.com"
| #define PACKAGE_URL ""
| #define PACKAGE "casocklib"
| #define VERSION "0.01"
| /* end confdefs.h.  */
| #include <ac_nonexistent.h>
configure:4302: checking whether ln -s works
configure:4306: result: yes
configure:4313: checking whether make sets $(MAKE)
configure:4335: result: yes
configure:4387: checking for ranlib
configure:4403: found /usr/bin/ranlib
configure:4414: result: ranlib
configure:4441: checking for main in -lprotobuf
configure:4460: gcc -o conftest -g -O2   conftest.c -lprotobuf   >&5
configure:4460: $? = 0
configure:4469: result: yes
configure:4481: checking for main in -lpthread
configure:4500: gcc -o conftest -g -O2   conftest.c -lpthread  -lprotobuf  >&5
configure:4500: $? = 0
configure:4509: result: yes
configure:4523: checking for grep that handles long lines and -e
configure:4581: result: /usr/bin/grep
configure:4586: checking for egrep
configure:4648: result: /usr/bin/grep -E
configure:4653: checking for ANSI C header files
configure:4673: gcc -c -g -O2  conftest.c >&5
configure:4673: $? = 0
configure:4746: gcc -o conftest -g -O2   conftest.c -lpthread -lprotobuf  >&5
configure:4746: $? = 0
configure:4746: ./conftest
configure:4746: $? = 0
configure:4757: result: yes
configure:4770: checking for sys/types.h
configure:4770: gcc -c -g -O2  conftest.c >&5
configure:4770: $? = 0
configure:4770: result: yes
configure:4770: checking for sys/stat.h
configure:4770: gcc -c -g -O2  conftest.c >&5
configure:4770: $? = 0
configure:4770: result: yes
configure:4770: checking for stdlib.h
configure:4770: gcc -c -g -O2  conftest.c >&5
configure:4770: $? = 0
configure:4770: result: yes
configure:4770: checking for string.h
configure:4770: gcc -c -g -O2  conftest.c >&5
configure:4770: $? = 0
configure:4770: result: yes
configure:4770: checking for memory.h
configure:4770: gcc -c -g -O2  conftest.c >&5
configure:4770: $? = 0
configure:4770: result: yes
configure:4770: checking for strings.h
configure:4770: gcc -c -g -O2  conftest.c >&5
configure:4770: $? = 0
configure:4770: result: yes
configure:4770: checking for inttypes.h
configure:4770: gcc -c -g -O2  conftest.c >&5
configure:4770: $? = 0
configure:4770: result: yes
configure:4770: checking for stdint.h
configure:4770: gcc -c -g -O2  conftest.c >&5
configure:4770: $? = 0
configure:4770: result: yes
configure:4770: checking for unistd.h
configure:4770: gcc -c -g -O2  conftest.c >&5
configure:4770: $? = 0
configure:4770: result: yes
configure:4785: checking arpa/inet.h usability
configure:4785: gcc -c -g -O2  conftest.c >&5
configure:4785: $? = 0
configure:4785: result: yes
configure:4785: checking arpa/inet.h presence
configure:4785: gcc -E  conftest.c
configure:4785: $? = 0
configure:4785: result: yes
configure:4785: checking for arpa/inet.h
configure:4785: result: yes
configure:4785: checking fcntl.h usability
configure:4785: gcc -c -g -O2  conftest.c >&5
configure:4785: $? = 0
configure:4785: result: yes
configure:4785: checking fcntl.h presence
configure:4785: gcc -E  conftest.c
configure:4785: $? = 0
configure:4785: result: yes
configure:4785: checking for fcntl.h
configure:4785: result: yes
configure:4785: checking netdb.h usability
configure:4785: gcc -c -g -O2  conftest.c >&5
configure:4785: $? = 0
configure:4785: result: yes
configure:4785: checking netdb.h presence
configure:4785: gcc -E  conftest.c
configure:4785: $? = 0
configure:4785: result: yes
configure:4785: checking for netdb.h
configure:4785: result: yes
configure:4785: checking netinet/in.h usability
configure:4785: gcc -c -g -O2  conftest.c >&5
configure:4785: $? = 0
configure:4785: result: yes
configure:4785: checking netinet/in.h presence
configure:4785: gcc -E  conftest.c
configure:4785: $? = 0
configure:4785: result: yes
configure:4785: checking for netinet/in.h
configure:4785: result: yes
configure:4785: checking for stdlib.h
configure:4785: result: yes
configure:4785: checking for string.h
configure:4785: result: yes
configure:4785: checking for strings.h
configure:4785: result: yes
configure:4785: checking sys/ioctl.h usability
configure:4785: gcc -c -g -O2  conftest.c >&5
configure:4785: $? = 0
configure:4785: result: yes
configure:4785: checking sys/ioctl.h presence
configure:4785: gcc -E  conftest.c
configure:4785: $? = 0
configure:4785: result: yes
configure:4785: checking for sys/ioctl.h
configure:4785: result: yes
configure:4785: checking sys/socket.h usability
configure:4785: gcc -c -g -O2  conftest.c >&5
configure:4785: $? = 0
configure:4785: result: yes
configure:4785: checking sys/socket.h presence
configure:4785: gcc -E  conftest.c
configure:4785: $? = 0
configure:4785: result: yes
configure:4785: checking for sys/socket.h
configure:4785: result: yes
configure:4785: checking sys/time.h usability
configure:4785: gcc -c -g -O2  conftest.c >&5
configure:4785: $? = 0
configure:4785: result: yes
configure:4785: checking sys/time.h presence
configure:4785: gcc -E  conftest.c
configure:4785: $? = 0
configure:4785: result: yes
configure:4785: checking for sys/time.h
configure:4785: result: yes
configure:4785: checking for unistd.h
configure:4785: result: yes
configure:4785: checking sys/syscall.h usability
configure:4785: gcc -c -g -O2  conftest.c >&5
configure:4785: $? = 0
configure:4785: result: yes
configure:4785: checking sys/syscall.h presence
configure:4785: gcc -E  conftest.c
configure:4785: $? = 0
configure:4785: result: yes
configure:4785: checking for sys/syscall.h
configure:4785: result: yes
configure:4797: checking for stdbool.h that conforms to C99
configure:4864: gcc -c -g -O2  conftest.c >&5
configure:4864: $? = 0
configure:4871: result: yes
configure:4873: checking for _Bool
configure:4873: gcc -c -g -O2  conftest.c >&5
configure:4873: $? = 0
configure:4873: gcc -c -g -O2  conftest.c >&5
conftest.c: In function 'main':
conftest.c:71: error: expected expression before ')' token
configure:4873: $? = 1
configure: failed program was:
| /* confdefs.h */
| #define PACKAGE_NAME "casocklib"
| #define PACKAGE_TARNAME "casocklib"
| #define PACKAGE_VERSION "0.01"
| #define PACKAGE_STRING "casocklib 0.01"
| #define PACKAGE_BUGREPORT "leandro.costa@gmail.com"
| #define PACKAGE_URL ""
| #define PACKAGE "casocklib"
| #define VERSION "0.01"
| #define HAVE_LIBPROTOBUF 1
| #define HAVE_LIBPTHREAD 1
| #define STDC_HEADERS 1
| #define HAVE_SYS_TYPES_H 1
| #define HAVE_SYS_STAT_H 1
| #define HAVE_STDLIB_H 1
| #define HAVE_STRING_H 1
| #define HAVE_MEMORY_H 1
| #define HAVE_STRINGS_H 1
| #define HAVE_INTTYPES_H 1
| #define HAVE_STDINT_H 1
| #define HAVE_UNISTD_H 1
| #define HAVE_ARPA_INET_H 1
| #define HAVE_FCNTL_H 1
| #define HAVE_NETDB_H 1
| #define HAVE_NETINET_IN_H 1
| #define HAVE_STDLIB_H 1
| #define HAVE_STRING_H 1
| #define HAVE_STRINGS_H 1
| #define HAVE_SYS_IOCTL_H 1
| #define HAVE_SYS_SOCKET_H 1
| #define HAVE_SYS_TIME_H 1
| #define HAVE_UNISTD_H 1
| #define HAVE_SYS_SYSCALL_H 1
| /* end confdefs.h.  */
| #include <stdio.h>
| #ifdef HAVE_SYS_TYPES_H
| # include <sys/types.h>
| #endif
| #ifdef HAVE_SYS_STAT_H
| # include <sys/stat.h>
| #endif
| #ifdef STDC_HEADERS
| # include <stdlib.h>
| # include <stddef.h>
| #else
| # ifdef HAVE_STDLIB_H
| #  include <stdlib.h>
| # endif
| #endif
| #ifdef HAVE_STRING_H
| # if !defined STDC_HEADERS && defined HAVE_MEMORY_H
| #  include <memory.h>
| # endif
| # include <string.h>
| #endif
| #ifdef HAVE_STRINGS_H
| # include <strings.h>
| #endif
| #ifdef HAVE_INTTYPES_H
| # include <inttypes.h>
| #endif
| #ifdef HAVE_STDINT_H
| # include <stdint.h>
| #endif
| #ifdef HAVE_UNISTD_H
| # include <unistd.h>
| #endif
| int
| main ()
| {
| if (sizeof ((_Bool)))
| 	    return 0;
|   ;
|   return 0;
| }
configure:4873: result: yes
configure:4890: checking for an ANSI C-conforming const
configure:4956: gcc -c -g -O2  conftest.c >&5
configure:4956: $? = 0
configure:4963: result: yes
configure:4971: checking for inline
configure:4987: gcc -c -g -O2  conftest.c >&5
configure:4987: $? = 0
configure:4995: result: inline
configure:5013: checking for pid_t
configure:5013: gcc -c -g -O2  conftest.c >&5
configure:5013: $? = 0
configure:5013: gcc -c -g -O2  conftest.c >&5
conftest.c: In function 'main':
conftest.c:73: error: expected expression before ')' token
configure:5013: $? = 1
configure: failed program was:
| /* confdefs.h */
| #define PACKAGE_NAME "casocklib"
| #define PACKAGE_TARNAME "casocklib"
| #define PACKAGE_VERSION "0.01"
| #define PACKAGE_STRING "casocklib 0.01"
| #define PACKAGE_BUGREPORT "leandro.costa@gmail.com"
| #define PACKAGE_URL ""
| #define PACKAGE "casocklib"
| #define VERSION "0.01"
| #define HAVE_LIBPROTOBUF 1
| #define HAVE_LIBPTHREAD 1
| #define STDC_HEADERS 1
| #define HAVE_SYS_TYPES_H 1
| #define HAVE_SYS_STAT_H 1
| #define HAVE_STDLIB_H 1
| #define HAVE_STRING_H 1
| #define HAVE_MEMORY_H 1
| #define HAVE_STRINGS_H 1
| #define HAVE_INTTYPES_H 1
| #define HAVE_STDINT_H 1
| #define HAVE_UNISTD_H 1
| #define HAVE_ARPA_INET_H 1
| #define HAVE_FCNTL_H 1
| #define HAVE_NETDB_H 1
| #define HAVE_NETINET_IN_H 1
| #define HAVE_STDLIB_H 1
| #define HAVE_STRING_H 1
| #define HAVE_STRINGS_H 1
| #define HAVE_SYS_IOCTL_H 1
| #define HAVE_SYS_SOCKET_H 1
| #define HAVE_SYS_TIME_H 1
| #define HAVE_UNISTD_H 1
| #define HAVE_SYS_SYSCALL_H 1
| #define HAVE__BOOL 1
| #define HAVE_STDBOOL_H 1
| /* end confdefs.h.  */
| #include <stdio.h>
| #ifdef HAVE_SYS_TYPES_H
| # include <sys/types.h>
| #endif
| #ifdef HAVE_SYS_STAT_H
| # include <sys/stat.h>
| #endif
| #ifdef STDC_HEADERS
| # include <stdlib.h>
| # include <stddef.h>
| #else
| # ifdef HAVE_STDLIB_H
| #  include <stdlib.h>
| # endif
| #endif
| #ifdef HAVE_STRING_H
| # if !defined STDC_HEADERS && defined HAVE_MEMORY_H
| #  include <memory.h>
| # endif
| # include <string.h>
| #endif
| #ifdef HAVE_STRINGS_H
| # include <strings.h>
| #endif
| #ifdef HAVE_INTTYPES_H
| # include <inttypes.h>
| #endif
| #ifdef HAVE_STDINT_H
| # include <stdint.h>
| #endif
| #ifdef HAVE_UNISTD_H
| # include <unistd.h>
| #endif
| int
| main ()
| {
| if (sizeof ((pid_t)))
| 	    return 0;
|   ;
|   return 0;
| }
configure:5013: result: yes
configure:5024: checking for size_t
configure:5024: gcc -c -g -O2  conftest.c >&5
configure:5024: $? = 0
configure:5024: gcc -c -g -O2  conftest.c >&5
conftest.c: In function 'main':
conftest.c:73: error: expected expression before ')' token
configure:5024: $? = 1
configure: failed program was:
| /* confdefs.h */
| #define PACKAGE_NAME "casocklib"
| #define PACKAGE_TARNAME "casocklib"
| #define PACKAGE_VERSION "0.01"
| #define PACKAGE_STRING "casocklib 0.01"
| #define PACKAGE_BUGREPORT "leandro.costa@gmail.com"
| #define PACKAGE_URL ""
| #define PACKAGE "casocklib"
| #define VERSION "0.01"
| #define HAVE_LIBPROTOBUF 1
| #define HAVE_LIBPTHREAD 1
| #define STDC_HEADERS 1
| #define HAVE_SYS_TYPES_H 1
| #define HAVE_SYS_STAT_H 1
| #define HAVE_STDLIB_H 1
| #define HAVE_STRING_H 1
| #define HAVE_MEMORY_H 1
| #define HAVE_STRINGS_H 1
| #define HAVE_INTTYPES_H 1
| #define HAVE_STDINT_H 1
| #define HAVE_UNISTD_H 1
| #define HAVE_ARPA_INET_H 1
| #define HAVE_FCNTL_H 1
| #define HAVE_NETDB_H 1
| #define HAVE_NETINET_IN_H 1
| #define HAVE_STDLIB_H 1
| #define HAVE_STRING_H 1
| #define HAVE_STRINGS_H 1
| #define HAVE_SYS_IOCTL_H 1
| #define HAVE_SYS_SOCKET_H 1
| #define HAVE_SYS_TIME_H 1
| #define HAVE_UNISTD_H 1
| #define HAVE_SYS_SYSCALL_H 1
| #define HAVE__BOOL 1
| #define HAVE_STDBOOL_H 1
| /* end confdefs.h.  */
| #include <stdio.h>
| #ifdef HAVE_SYS_TYPES_H
| # include <sys/types.h>
| #endif
| #ifdef HAVE_SYS_STAT_H
| # include <sys/stat.h>
| #endif
| #ifdef STDC_HEADERS
| # include <stdlib.h>
| # include <stddef.h>
| #else
| # ifdef HAVE_STDLIB_H
| #  include <stdlib.h>
| # endif
| #endif
| #ifdef HAVE_STRING_H
| # if !defined STDC_HEADERS && defined HAVE_MEMORY_H
| #  include <memory.h>
| # endif
| # include <string.h>
| #endif
| #ifdef HAVE_STRINGS_H
| # include <strings.h>
| #endif
| #ifdef HAVE_INTTYPES_H
| # include <inttypes.h>
| #endif
| #ifdef HAVE_STDINT_H
| # include <stdint.h>
| #endif
| #ifdef HAVE_UNISTD_H
| # include <unistd.h>
| #endif
| int
| main ()
| {
| if (sizeof ((size_t)))
| 	    return 0;
|   ;
|   return 0;
| }
configure:5024: result: yes
configure:5035: checking for ssize_t
configure:5035: gcc -c -g -O2  conftest.c >&5
configure:5035: $? = 0
configure:5035: gcc -c -g -O2  conftest.c >&5
conftest.c: In function 'main':
conftest.c:73: error: expected expression before ')' token
configure:5035: $? = 1
configure: failed program was:
| /* confdefs.h */
| #define PACKAGE_NAME "casocklib"
| #define PACKAGE_TARNAME "casocklib"
| #define PACKAGE_VERSION "0.01"
| #define PACKAGE_STRING "casocklib 0.01"
| #define PACKAGE_BUGREPORT "leandro.costa@gmail.com"
| #define PACKAGE_URL ""
| #define PACKAGE "casocklib"
| #define VERSION "0.01"
| #define HAVE_LIBPROTOBUF 1
| #define HAVE_LIBPTHREAD 1
| #define STDC_HEADERS 1
| #define HAVE_SYS_TYPES_H 1
| #define HAVE_SYS_STAT_H 1
| #define HAVE_STDLIB_H 1
| #define HAVE_STRING_H 1
| #define HAVE_MEMORY_H 1
| #define HAVE_STRINGS_H 1
| #define HAVE_INTTYPES_H 1
| #define HAVE_STDINT_H 1
| #define HAVE_UNISTD_H 1
| #define HAVE_ARPA_INET_H 1
| #define HAVE_FCNTL_H 1
| #define HAVE_NETDB_H 1
| #define HAVE_NETINET_IN_H 1
| #define HAVE_STDLIB_H 1
| #define HAVE_STRING_H 1
| #define HAVE_STRINGS_H 1
| #define HAVE_SYS_IOCTL_H 1
| #define HAVE_SYS_SOCKET_H 1
| #define HAVE_SYS_TIME_H 1
| #define HAVE_UNISTD_H 1
| #define HAVE_SYS_SYSCALL_H 1
| #define HAVE__BOOL 1
| #define HAVE_STDBOOL_H 1
| /* end confdefs.h.  */
| #include <stdio.h>
| #ifdef HAVE_SYS_TYPES_H
| # include <sys/types.h>
| #endif
| #ifdef HAVE_SYS_STAT_H
| # include <sys/stat.h>
| #endif
| #ifdef STDC_HEADERS
| # include <stdlib.h>
| # include <stddef.h>
| #else
| # ifdef HAVE_STDLIB_H
| #  include <stdlib.h>
| # endif
| #endif
| #ifdef HAVE_STRING_H
| # if !defined STDC_HEADERS && defined HAVE_MEMORY_H
| #  include <memory.h>
| # endif
| # include <string.h>
| #endif
| #ifdef HAVE_STRINGS_H
| # include <strings.h>
| #endif
| #ifdef HAVE_INTTYPES_H
| # include <inttypes.h>
| #endif
| #ifdef HAVE_STDINT_H
| # include <stdint.h>
| #endif
| #ifdef HAVE_UNISTD_H
| # include <unistd.h>
| #endif
| int
| main ()
| {
| if (sizeof ((ssize_t)))
| 	    return 0;
|   ;
|   return 0;
| }
configure:5035: result: yes
configure:5046: checking whether time.h and sys/time.h may both be included
configure:5066: gcc -c -g -O2  conftest.c >&5
configure:5066: $? = 0
configure:5073: result: yes
configure:5081: checking whether struct tm is in sys/time.h or time.h
configure:5101: gcc -c -g -O2  conftest.c >&5
configure:5101: $? = 0
configure:5108: result: time.h
configure:5118: checking return type of signal handlers
configure:5136: gcc -c -g -O2  conftest.c >&5
conftest.c: In function 'main':
conftest.c:44: error: void value not ignored as it ought to be
configure:5136: $? = 1
configure: failed program was:
| /* confdefs.h */
| #define PACKAGE_NAME "casocklib"
| #define PACKAGE_TARNAME "casocklib"
| #define PACKAGE_VERSION "0.01"
| #define PACKAGE_STRING "casocklib 0.01"
| #define PACKAGE_BUGREPORT "leandro.costa@gmail.com"
| #define PACKAGE_URL ""
| #define PACKAGE "casocklib"
| #define VERSION "0.01"
| #define HAVE_LIBPROTOBUF 1
| #define HAVE_LIBPTHREAD 1
| #define STDC_HEADERS 1
| #define HAVE_SYS_TYPES_H 1
| #define HAVE_SYS_STAT_H 1
| #define HAVE_STDLIB_H 1
| #define HAVE_STRING_H 1
| #define HAVE_MEMORY_H 1
| #define HAVE_STRINGS_H 1
| #define HAVE_INTTYPES_H 1
| #define HAVE_STDINT_H 1
| #define HAVE_UNISTD_H 1
| #define HAVE_ARPA_INET_H 1
| #define HAVE_FCNTL_H 1
| #define HAVE_NETDB_H 1
| #define HAVE_NETINET_IN_H 1
| #define HAVE_STDLIB_H 1
| #define HAVE_STRING_H 1
| #define HAVE_STRINGS_H 1
| #define HAVE_SYS_IOCTL_H 1
| #define HAVE_SYS_SOCKET_H 1
| #define HAVE_SYS_TIME_H 1
| #define HAVE_UNISTD_H 1
| #define HAVE_SYS_SYSCALL_H 1
| #define HAVE__BOOL 1
| #define HAVE_STDBOOL_H 1
| #define TIME_WITH_SYS_TIME 1
| /* end confdefs.h.  */
| #include <sys/types.h>
| #include <signal.h>
| 
| int
| main ()
| {
| return *(signal (0, 0)) (0) == 1;
|   ;
|   return 0;
| }
configure:5143: result: void
configure:5153: checking for strftime
configure:5153: gcc -o conftest -g -O2   conftest.c -lpthread -lprotobuf  >&5
conftest.c:62: warning: conflicting types for built-in function 'strftime'
configure:5153: $? = 0
configure:5153: result: yes
configure:5209: checking for alarm
configure:5209: gcc -o conftest -g -O2   conftest.c -lpthread -lprotobuf  >&5
configure:5209: $? = 0
configure:5209: result: yes
configure:5209: checking for bzero
configure:5209: gcc -o conftest -g -O2   conftest.c -lpthread -lprotobuf  >&5
conftest.c:64: warning: conflicting types for built-in function 'bzero'
configure:5209: $? = 0
configure:5209: result: yes
configure:5209: checking for gethostbyname
configure:5209: gcc -o conftest -g -O2   conftest.c -lpthread -lprotobuf  >&5
configure:5209: $? = 0
configure:5209: result: yes
configure:5209: checking for gettimeofday
configure:5209: gcc -o conftest -g -O2   conftest.c -lpthread -lprotobuf  >&5
configure:5209: $? = 0
configure:5209: result: yes
configure:5209: checking for localtime_r
configure:5209: gcc -o conftest -g -O2   conftest.c -lpthread -lprotobuf  >&5
configure:5209: $? = 0
configure:5209: result: yes
configure:5209: checking for memset
configure:5209: gcc -o conftest -g -O2   conftest.c -lpthread -lprotobuf  >&5
conftest.c:68: warning: conflicting types for built-in function 'memset'
configure:5209: $? = 0
configure:5209: result: yes
configure:5209: checking for select
configure:5209: gcc -o conftest -g -O2   conftest.c -lpthread -lprotobuf  >&5
configure:5209: $? = 0
configure:5209: result: yes
configure:5209: checking for socket
configure:5209: gcc -o conftest -g -O2   conftest.c -lpthread -lprotobuf  >&5
configure:5209: $? = 0
configure:5209: result: yes
configure:5209: checking for strerror
configure:5209: gcc -o conftest -g -O2   conftest.c -lpthread -lprotobuf  >&5
configure:5209: $? = 0
configure:5209: result: yes
configure:5253: checking for cxxtestgen.pl
configure:5284: result: cxxtestgen.pl
configure:5302: checking for protoc
configure:5333: result: protoc
configure:5638: creating ./config.status

## ---------------------- ##
## Running config.status. ##
## ---------------------- ##

This file was extended by casocklib config.status 0.01, which was
generated by GNU Autoconf 2.69.  Invocation command line was

  CONFIG_FILES    = 
  CONFIG_HEADERS  = 
  CONFIG_LINKS    = 
  CONFIG_COMMANDS = 
  $ ./config.status 

on jack.local

config.status:933: error: cannot find input file: `Makefile.in'

## ---------------- ##
## Cache variables. ##
## ---------------- ##

ac_cv_c_compiler_gnu=yes
ac_cv_c_const=yes
ac_cv_c_inline=inline
ac_cv_cxx_compiler_gnu=yes
ac_cv_env_CCC_set=
ac_cv_env_CCC_value=
ac_cv_env_CC_set=
ac_cv_env_CC_value=
ac_cv_env_CFLAGS_set=
ac_cv_env_CFLAGS_value=
ac_cv_env_CPPFLAGS_set=
ac_cv_env_CPPFLAGS_value=
ac_cv_env_CPP_set=
ac_cv_env_CPP_value=
ac_cv_env_CXXFLAGS_set=
ac_cv_env_CXXFLAGS_value=
ac_cv_env_CXX_set=
ac_cv_env_CXX_value=
ac_cv_env_LDFLAGS_set=
ac_cv_env_LDFLAGS_value=
ac_cv_env_LIBS_set=
ac_cv_env_LIBS_value=
ac_cv_env_build_alias_set=
ac_cv_env_build_alias_value=
ac_cv_env_host_alias_set=
ac_cv_env_host_alias_value=
ac_cv_env_target_alias_set=
ac_cv_env_target_alias_value=
ac_cv_func_alarm=yes
ac_cv_func_bzero=yes
ac_cv_func_gethostbyname=yes
ac_cv_func_gettimeofday=yes
ac_cv_func_localtime_r=yes
ac_cv_func_memset=yes
ac_cv_func_select=yes
ac_cv_func_socket=yes
ac_cv_func_strerror=yes
ac_cv_func_strftime=yes
ac_cv_header_arpa_inet_h=yes
ac_cv_header_fcntl_h=yes
ac_cv_header_inttypes_h=yes
ac_cv_header_memory_h=yes
ac_cv_header_netdb_h=yes
ac_cv_header_netinet_in_h=yes
ac_cv_header_stdbool_h=yes
ac_cv_header_stdc=yes
ac_cv_header_stdint_h=yes
ac_cv_header_stdlib_h=yes
ac_cv_header_string_h=yes
ac_cv_header_strings_h=yes
ac_cv_header_sys_ioctl_h=yes
ac_cv_header_sys_socket_h=yes
ac_cv_header_sys_stat_h=yes
ac_cv_header_sys_syscall_h=yes
ac_cv_header_sys_time_h=yes
ac_cv_header_sys_types_h=yes
ac_cv_header_time=yes
ac_cv_header_unistd_h=yes
ac_cv_lib_protobuf_main=yes
ac_cv_lib_pthread_main=yes
ac_cv_objext=o
ac_cv_path_CXXTESTGEN=cxxtestgen.pl
ac_cv_path_EGREP='/usr/bin/grep -E'
ac_cv_path_GREP=/usr/bin/grep
ac_cv_path_PROTOC=protoc
ac_cv_path_install='/usr/bin/install -c'
ac_cv_prog_AWK=awk
ac_cv_prog_CPP='gcc -E'
ac_cv_prog_ac_ct_CC=gcc
ac_cv_prog_ac_ct_CXX=g++
ac_cv_prog_ac_ct_RANLIB=ranlib
ac_cv_prog_cc_c89=
ac_cv_prog_cc_g=yes
ac_cv_prog_cxx_g=yes
ac_cv_prog_make_make_set=yes
ac_cv_struct_tm=time.h
ac_cv_type__Bool=yes
ac_cv_type_pid_t=yes
ac_cv_type_signal=void
ac_cv_type_size_t=yes
ac_cv_type_ssize_t=yes
am_cv_CC_dependencies_compiler_type=gcc3
am_cv_CXX_dependencies_compiler_type=gcc3

## ----------------- ##
## Output variables. ##
## ----------------- ##

ACLOCAL='${SHELL} /Users/xujack/OWB/casocklib/missing --run aclocal-1.11'
AMDEPBACKSLASH='\'
AMDEP_FALSE='#'
AMDEP_TRUE=''
AMTAR='$${TAR-tar}'
AUTOCONF='${SHELL} /Users/xujack/OWB/casocklib/missing --run autoconf'
AUTOHEADER='${SHELL} /Users/xujack/OWB/casocklib/missing --run autoheader'
AUTOMAKE='${SHELL} /Users/xujack/OWB/casocklib/missing --run automake-1.11'
AWK='awk'
CC='gcc'
CCDEPMODE='depmode=gcc3'
CFLAGS=''
CPP='gcc -E'
CPPFLAGS='-g -Wall -O -Wno-write-strings -D_REENTRANT -I/usr/local/cxxtest-3.10.1/cxxtest'
CXX='g++'
CXXDEPMODE='depmode=gcc3'
CXXFLAGS=''
CXXTESTGEN='cxxtestgen.pl'
CXXTFLAGS='--error-printer'
CYGPATH_W='echo'
DEFS='-DHAVE_CONFIG_H'
DEPDIR='.deps'
ECHO_C='\c'
ECHO_N=''
ECHO_T=''
EGREP='/usr/bin/grep -E'
EXEEXT=''
GREP='/usr/bin/grep'
INCLUDES='-I$(top_srcdir)/src -I/usr/local/protobuf-2.3.0/include -I/usr/local/boost_1_42_0/include -I/usr/local/gflags-1.3/include -I/usr/local/glog-0.3.0/include -I/usr/local/gtest-1.5.0/include -I/usr/local/gmock-1.5.0/include'
INSTALL_DATA='${INSTALL} -m 644'
INSTALL_PROGRAM='${INSTALL}'
INSTALL_SCRIPT='${INSTALL}'
INSTALL_STRIP_PROGRAM='$(install_sh) -c -s'
LDFLAGS=''
LIBOBJS=''
LIBS='-lpthread -lprotobuf  -L/usr/local/protobuf-2.3.0/lib -lprotobuf -L/usr/local/gflags-1.3/lib -lgflags -L/usr/local/glog-0.3.0/lib -lglog -L/usr/local/gtest-1.5.0/lib -lgtest -L/usr/local/gmock-1.5.0/lib -lgmock'
LIB_BOOST_PATH='/usr/local/boost_1_42_0/lib'
LIB_GFLAGS_PATH='/usr/local/gflags-1.3/lib'
LIB_GLOG_PATH='/usr/local/glog-0.3.0/lib'
LIB_GMOCK_PATH='/usr/local/gmock-1.5.0/lib'
LIB_GTEST_PATH='/usr/local/gtest-1.5.0/lib'
LIB_PROTOBUF_PATH='/usr/local/protobuf-2.3.0/lib'
LN_S='ln -s'
LTLIBOBJS=''
MAKEINFO='${SHELL} /Users/xujack/OWB/casocklib/missing --run makeinfo'
MKDIR_P='./install-sh -c -d'
OBJEXT='o'
PACKAGE='casocklib'
PACKAGE_BUGREPORT='leandro.costa@gmail.com'
PACKAGE_NAME='casocklib'
PACKAGE_STRING='casocklib 0.01'
PACKAGE_TARNAME='casocklib'
PACKAGE_URL=''
PACKAGE_VERSION='0.01'
PATH_SEPARATOR=':'
PROTOC='protoc'
RANLIB='ranlib'
SET_MAKE=''
SHELL='/bin/sh'
STRIP=''
VERSION='0.01'
ac_ct_CC='gcc'
ac_ct_CXX='g++'
am__EXEEXT_FALSE=''
am__EXEEXT_TRUE='#'
am__fastdepCC_FALSE='#'
am__fastdepCC_TRUE=''
am__fastdepCXX_FALSE='#'
am__fastdepCXX_TRUE=''
am__include='include'
am__isrc=''
am__leading_dot='.'
am__nodep='_no'
am__quote=''
am__tar='$${TAR-tar} chof - "$$tardir"'
am__untar='$${TAR-tar} xf -'
bindir='${exec_prefix}/bin'
build_alias=''
datadir='${datarootdir}'
datarootdir='${prefix}/share'
docdir='${datarootdir}/doc/${PACKAGE_TARNAME}'
dvidir='${docdir}'
exec_prefix='${prefix}'
host_alias=''
htmldir='${docdir}'
includedir='${prefix}/include'
infodir='${datarootdir}/info'
install_sh='${SHELL} /Users/xujack/OWB/casocklib/install-sh'
libdir='${exec_prefix}/lib'
libexecdir='${exec_prefix}/libexec'
localedir='${datarootdir}/locale'
localstatedir='${prefix}/var'
mandir='${datarootdir}/man'
mkdir_p='$(top_builddir)/./install-sh -c -d'
oldincludedir='/usr/include'
pdfdir='${docdir}'
prefix='/usr/local'
program_transform_name='s,x,x,'
psdir='${docdir}'
sbindir='${exec_prefix}/sbin'
sharedstatedir='${prefix}/com'
sysconfdir='${prefix}/etc'
target_alias=''

## ----------- ##
## confdefs.h. ##
## ----------- ##

/* confdefs.h */
#define PACKAGE_NAME "casocklib"
#define PACKAGE_TARNAME "casocklib"
#define PACKAGE_VERSION "0.01"
#define PACKAGE_STRING "casocklib 0.01"
#define PACKAGE_BUGREPORT "leandro.costa@gmail.com"
#define PACKAGE_URL ""
#define PACKAGE "casocklib"
#define VERSION "0.01"
#define HAVE_LIBPROTOBUF 1
#define HAVE_LIBPTHREAD 1
#define STDC_HEADERS 1
#define HAVE_SYS_TYPES_H 1
#define HAVE_SYS_STAT_H 1
#define HAVE_STDLIB_H 1
#define HAVE_STRING_H 1
#define HAVE_MEMORY_H 1
#define HAVE_STRINGS_H 1
#define HAVE_INTTYPES_H 1
#define HAVE_STDINT_H 1
#define HAVE_UNISTD_H 1
#define HAVE_ARPA_INET_H 1
#define HAVE_FCNTL_H 1
#define HAVE_NETDB_H 1
#define HAVE_NETINET_IN_H 1
#define HAVE_STDLIB_H 1
#define HAVE_STRING_H 1
#define HAVE_STRINGS_H 1
#define HAVE_SYS_IOCTL_H 1
#define HAVE_SYS_SOCKET_H 1
#define HAVE_SYS_TIME_H 1
#define HAVE_UNISTD_H 1
#define HAVE_SYS_SYSCALL_H 1
#define HAVE__BOOL 1
#define HAVE_STDBOOL_H 1
#define TIME_WITH_SYS_TIME 1
#define RETSIGTYPE void
#define HAVE_STRFTIME 1
#define HAVE_ALARM 1
#define HAVE_BZERO 1
#define HAVE_GETHOSTBYNAME 1
#define HAVE_GETTIMEOFDAY 1
#define HAVE_LOCALTIME_R 1
#define HAVE_MEMSET 1
#define HAVE_SELECT 1
#define HAVE_SOCKET 1
#define HAVE_STRERROR 1

configure: exit 1
